2022-10-01 13:33:21,205 INFO notifyConnectTimeout:200

2022-10-01 13:33:21,209 INFO notifySocketTimeout:8000

2022-10-01 13:33:21,209 INFO isHealthCheck:true

2022-10-01 13:33:21,209 INFO maxHealthCheckFailCount:12

2022-10-01 13:33:21,209 INFO maxContent:10485760

2022-10-01 13:33:23,980 INFO use local db service for init

2022-10-01 13:33:24,744 WARN Lexical error at line 4, column 66.  Encountered: <EOF> after : "".

2022-10-01 13:33:24,749 WARN Syntax error: Encountered "*" at line 1, column 1.

2022-10-01 13:33:25,080 WARN Lexical error at line 4, column 13.  Encountered: "`" (96), after : "".

2022-10-01 13:33:25,081 WARN Lexical error at line 1, column 13.  Encountered: "`" (96), after : "".

2022-10-01 13:33:25,081 WARN Lexical error at line 1, column 13.  Encountered: "`" (96), after : "".

2022-10-01 13:33:25,081 WARN Lexical error at line 1, column 13.  Encountered: "`" (96), after : "".

2022-10-01 13:33:25,082 INFO use StandaloneDatabaseOperateImpl

2022-10-01 13:33:26,069 WARN DumpService start

2022-10-01 13:33:26,070 INFO start clear all config-info.

2022-10-01 13:33:26,071 WARN clear all config-info failed.

2022-10-01 13:33:26,072 WARN clear all config-info-tenant failed.

2022-10-01 13:33:26,080 INFO start clear all config-info-beta.

2022-10-01 13:33:26,080 WARN clear all config-info-beta failed.

2022-10-01 13:33:26,081 WARN clear all config-info-beta-tenant failed.

2022-10-01 13:33:26,089 INFO start clear all config-info-tag.

2022-10-01 13:33:26,089 WARN clear all config-info-tag failed.

2022-10-01 13:33:26,089 WARN clear all config-info-tag-tenant failed.

