2022-10-01 13:33:21,220 INFO Starting Nacos v1.4.4 using Java 1.8.0_181 on DESKTOP-5UEH8HM with PID 4968 (E:\JavaDemo\gulimall\nacos\target\nacos-server.jar started by wbj in E:\JavaDemo\gulimall\nacos)

2022-10-01 13:33:21,220 INFO The following 1 profile is active: "standalone"

2022-10-01 13:33:23,367 INFO Tomcat initialized with port(s): 8848 (http)

2022-10-01 13:33:23,378 INFO Starting service [Tomcat]

2022-10-01 13:33:23,378 INFO Starting Servlet engine: [Apache Tomcat/9.0.60]

2022-10-01 13:33:23,712 INFO At least one JAR was scanned for TLDs yet contained no TLDs. Enable debug logging for this logger for a complete list of JARs that were scanned but no TLDs were found in them. Skipping unneeded JARs during scanning can improve startup time and JSP compilation time.

2022-10-01 13:33:23,770 INFO Initializing Spring embedded WebApplicationContext

2022-10-01 13:33:23,770 INFO Root WebApplicationContext: initialization completed in 2483 ms

2022-10-01 13:33:24,141 INFO HikariPool-1 - Starting...

2022-10-01 13:33:24,143 WARN Registered driver with driverClassName=org.apache.derby.jdbc.EmbeddedDriver was not found, trying direct instantiation.

2022-10-01 13:33:24,675 INFO HikariPool-1 - Driver does not support get/set network timeout for connections. (Feature not implemented: No details.)

2022-10-01 13:33:24,677 INFO HikariPool-1 - Start completed.

2022-10-01 13:33:25,570 INFO Nacos-related cluster resource initialization

2022-10-01 13:33:25,579 INFO The cluster resource is initialized

2022-10-01 13:33:25,794 INFO Reflections took 34 ms to scan 1 urls, producing 4 keys and 6 values 

2022-10-01 13:33:25,818 INFO Reflections took 4 ms to scan 1 urls, producing 6 keys and 26 values 

2022-10-01 13:33:25,832 INFO Reflections took 4 ms to scan 1 urls, producing 3 keys and 15 values 

2022-10-01 13:33:25,841 INFO Reflections took 2 ms to scan 1 urls, producing 2 keys and 12 values 

2022-10-01 13:33:26,995 INFO Adding welcome page: class path resource [static/index.html]

2022-10-01 13:33:27,462 WARN You are asking Spring Security to ignore Ant [pattern='/**']. This is not recommended -- please use permitAll via HttpSecurity#authorizeHttpRequests instead.

2022-10-01 13:33:27,464 INFO Will secure Ant [pattern='/**'] with []

2022-10-01 13:33:27,497 INFO Will not secure any request

2022-10-01 13:33:27,530 INFO Exposing 1 endpoint(s) beneath base path '/actuator'

2022-10-01 13:33:27,591 INFO Tomcat started on port(s): 8848 (http) with context path '/nacos'

2022-10-01 13:33:27,621 INFO Started Nacos in 7.375 seconds (JVM running for 7.861)

2022-10-01 13:33:27,622 INFO Nacos started successfully in stand alone mode. use embedded storage

2022-10-01 13:33:56,348 INFO Initializing Spring DispatcherServlet 'dispatcherServlet'

2022-10-01 13:33:56,349 INFO Initializing Servlet 'dispatcherServlet'

2022-10-01 13:33:56,351 INFO Completed initialization in 2 ms

2022-10-01 13:43:26,002 INFO [capacityManagement] start correct usage

2022-10-01 13:43:26,011 INFO [capacityManagement] end correct usage, cost: 0s

2022-10-01 13:43:26,105 WARN clearConfigHistory start

2022-10-01 13:53:26,013 INFO [capacityManagement] start correct usage

2022-10-01 13:53:26,014 INFO [capacityManagement] end correct usage, cost: 0s

2022-10-01 13:53:26,115 WARN clearConfigHistory start

2022-10-01 14:03:26,014 INFO [capacityManagement] start correct usage

2022-10-01 14:03:26,016 INFO [capacityManagement] end correct usage, cost: 0s

2022-10-01 14:03:26,119 WARN clearConfigHistory start

2022-10-01 14:13:26,018 INFO [capacityManagement] start correct usage

2022-10-01 14:13:26,019 INFO [capacityManagement] end correct usage, cost: 0s

2022-10-01 14:13:26,121 WARN clearConfigHistory start

2022-10-01 14:23:26,024 INFO [capacityManagement] start correct usage

2022-10-01 14:23:26,024 INFO [capacityManagement] end correct usage, cost: 0s

2022-10-01 14:23:26,123 WARN clearConfigHistory start

2022-10-01 14:33:26,025 INFO [capacityManagement] start correct usage

2022-10-01 14:33:26,027 INFO [capacityManagement] end correct usage, cost: 0s

2022-10-01 14:33:26,128 WARN clearConfigHistory start

2022-10-01 14:43:26,031 INFO [capacityManagement] start correct usage

2022-10-01 14:43:26,031 INFO [capacityManagement] end correct usage, cost: 0s

2022-10-01 14:43:26,131 WARN clearConfigHistory start

2022-10-01 14:53:26,034 INFO [capacityManagement] start correct usage

2022-10-01 14:53:26,035 INFO [capacityManagement] end correct usage, cost: 0s

2022-10-01 14:53:26,135 WARN clearConfigHistory start

2022-10-01 15:03:26,037 INFO [capacityManagement] start correct usage

2022-10-01 15:03:26,038 INFO [capacityManagement] end correct usage, cost: 0s

2022-10-01 15:03:26,139 WARN clearConfigHistory start

2022-10-01 15:13:26,039 INFO [capacityManagement] start correct usage

2022-10-01 15:13:26,039 INFO [capacityManagement] end correct usage, cost: 0s

2022-10-01 15:13:26,142 WARN clearConfigHistory start

2022-10-01 15:23:26,040 INFO [capacityManagement] start correct usage

2022-10-01 15:23:26,041 INFO [capacityManagement] end correct usage, cost: 0s

2022-10-01 15:23:26,145 WARN clearConfigHistory start

2022-10-01 15:33:26,043 INFO [capacityManagement] start correct usage

2022-10-01 15:33:26,045 INFO [capacityManagement] end correct usage, cost: 0s

2022-10-01 15:33:26,148 WARN clearConfigHistory start

2022-10-01 15:43:26,045 INFO [capacityManagement] start correct usage

2022-10-01 15:43:26,045 INFO [capacityManagement] end correct usage, cost: 0s

2022-10-01 15:43:26,152 WARN clearConfigHistory start

2022-10-01 15:53:26,048 INFO [capacityManagement] start correct usage

2022-10-01 15:53:26,049 INFO [capacityManagement] end correct usage, cost: 0s

2022-10-01 15:53:26,154 WARN clearConfigHistory start

2022-10-01 15:58:52,241 WARN [ConfigServer-HttpClientManager] Start destroying NacosRestTemplate

2022-10-01 15:58:52,241 WARN [WatchFileCenter] start close

2022-10-01 15:58:52,241 WARN [NotifyCenter] Start destroying Publisher

2022-10-01 15:58:52,242 WARN [HttpClientBeanHolder] Start destroying common HttpClient

2022-10-01 15:58:52,241 WARN [WatchFileCenter] start to shutdown this watcher which is watch : E:\JavaDemo\gulimall\nacos\conf

2022-10-01 15:58:52,243 WARN [NotifyCenter] Destruction of the end

2022-10-01 15:58:52,244 WARN [ThreadPoolManager] Start destroying ThreadPool

2022-10-01 15:58:52,245 WARN [ConfigServer-HttpClientManager] Destruction of the end

2022-10-01 15:58:52,244 WARN [WatchFileCenter] already closed

2022-10-01 15:58:52,245 WARN [HttpClientBeanHolder] Destruction of the end

