2022-10-05 08:21:21,080 INFO PERFORMANCE:|0|0|-1|-1

2022-10-05 08:26:21,086 INFO PERFORMANCE:|3|3|-1|-1

2022-10-05 08:31:21,087 INFO PERFORMANCE:|3|3|-1|-1

2022-10-05 08:36:21,087 INFO PERFORMANCE:|3|3|-1|-1

2022-10-05 08:41:21,091 INFO PERFORMANCE:|4|4|-1|-1

2022-10-05 08:46:21,092 INFO PERFORMANCE:|4|4|-1|-1

2022-10-05 08:51:21,093 INFO PERFORMANCE:|4|4|-1|-1

2022-10-05 08:56:21,095 INFO PERFORMANCE:|4|4|-1|-1

2022-10-05 09:01:21,099 INFO PERFORMANCE:|4|4|-1|-1

2022-10-05 09:06:21,104 INFO PERFORMANCE:|4|4|-1|-1

2022-10-05 09:11:21,104 INFO PERFORMANCE:|4|4|-1|-1

2022-10-05 09:16:21,106 INFO PERFORMANCE:|4|4|-1|-1

2022-10-05 09:21:21,109 INFO PERFORMANCE:|4|4|-1|-1

2022-10-05 09:26:21,111 INFO PERFORMANCE:|4|4|-1|-1

2022-10-05 17:09:54,479 INFO PERFORMANCE:|0|0|-1|-1

2022-10-05 17:14:54,482 INFO PERFORMANCE:|4|4|-1|-1

2022-10-05 17:19:54,483 INFO PERFORMANCE:|4|4|-1|-1

2022-10-05 17:24:54,485 INFO PERFORMANCE:|4|4|-1|-1

2022-10-05 17:29:54,486 INFO PERFORMANCE:|4|4|-1|-1

2022-10-05 17:34:54,490 INFO PERFORMANCE:|4|4|-1|-1

2022-10-05 17:39:54,494 INFO PERFORMANCE:|4|4|-1|-1

2022-10-05 17:44:54,494 INFO PERFORMANCE:|4|4|-1|-1

2022-10-05 17:49:54,497 INFO PERFORMANCE:|4|4|-1|-1

2022-10-05 17:54:54,499 INFO PERFORMANCE:|4|4|-1|-1

2022-10-05 17:59:54,502 INFO PERFORMANCE:|4|4|-1|-1

2022-10-05 18:04:54,506 INFO PERFORMANCE:|4|4|-1|-1

2022-10-05 18:09:54,508 INFO PERFORMANCE:|4|4|-1|-1

2022-10-05 18:14:54,512 INFO PERFORMANCE:|4|4|-1|-1

2022-10-05 18:19:54,514 INFO PERFORMANCE:|4|4|-1|-1

2022-10-05 18:24:54,515 INFO PERFORMANCE:|4|4|-1|-1

2022-10-05 18:29:54,517 INFO PERFORMANCE:|4|4|-1|-1

2022-10-05 18:34:54,519 INFO PERFORMANCE:|4|4|-1|-1

2022-10-05 18:39:54,520 INFO PERFORMANCE:|4|4|-1|-1

2022-10-05 18:44:54,521 INFO PERFORMANCE:|4|4|-1|-1

2022-10-05 18:49:54,522 INFO PERFORMANCE:|4|4|-1|-1

2022-10-05 18:54:54,525 INFO PERFORMANCE:|4|4|-1|-1

2022-10-05 18:59:54,528 INFO PERFORMANCE:|4|4|-1|-1

2022-10-05 19:04:54,529 INFO PERFORMANCE:|4|4|-1|-1

2022-10-05 19:09:54,533 INFO PERFORMANCE:|4|4|-1|-1

2022-10-05 19:14:54,535 INFO PERFORMANCE:|4|4|-1|-1

2022-10-05 19:19:54,538 INFO PERFORMANCE:|4|4|-1|-1

2022-10-05 19:24:54,542 INFO PERFORMANCE:|4|4|-1|-1

2022-10-05 19:29:54,543 INFO PERFORMANCE:|4|4|-1|-1

2022-10-05 19:34:54,546 INFO PERFORMANCE:|4|4|-1|-1

2022-10-05 19:39:54,547 INFO PERFORMANCE:|4|4|-1|-1

2022-10-05 19:44:54,551 INFO PERFORMANCE:|4|4|-1|-1

2022-10-05 19:49:54,553 INFO PERFORMANCE:|4|4|-1|-1

2022-10-05 19:54:54,554 INFO PERFORMANCE:|4|4|-1|-1

2022-10-05 19:59:54,556 INFO PERFORMANCE:|3|3|-1|-1

2022-10-05 20:01:25,089 INFO PERFORMANCE:|0|0|-1|-1

2022-10-05 20:10:10,332 INFO PERFORMANCE:|0|0|-1|-1

2022-10-05 20:15:10,333 INFO PERFORMANCE:|4|4|-1|-1

2022-10-05 20:20:10,334 INFO PERFORMANCE:|4|4|-1|-1

2022-10-05 20:25:10,335 INFO PERFORMANCE:|4|4|-1|-1

